#
# An unexpected error has been detected by Java Runtime Environment:
#
#  Internal Error (434C41535326494C453041525345520E4350500132), pid=10292, tid=8232
#
# Java VM: Java HotSpot(TM) Client VM (1.6.0-b105 mixed mode)
# If you would like to submit a bug report, please visit:
#   http://java.sun.com/webapps/bugreport/crash.jsp
#

---------------  T H R E A D  ---------------

Current thread (0x0c95cc00):  JavaThread "AWT-EventQueue-0" [_thread_in_vm, id=8232]

Stack: [0x0cf00000,0x0cf50000)
[error occurred during error reporting, step 110, id 0xc0000005]

Java frames: (J=compiled Java code, j=interpreted, Vv=VM code)
j  javax.swing.JTextField.isValidateRoot()Z+6
j  javax.swing.RepaintManager.addInvalidComponent(Ljavax/swing/JComponent;)V+34
j  javax.swing.JComponent.revalidate()V+23
j  javax.swing.plaf.basic.BasicTextUI$RootView.preferenceChanged(Ljavax/swing/text/View;ZZ)V+7
j  javax.swing.text.View.preferenceChanged(Ljavax/swing/text/View;ZZ)V+16
j  javax.swing.text.PlainView.updateDamage(Ljavax/swing/event/DocumentEvent;Ljava/awt/Shape;Ljavax/swing/text/ViewFactory;)V+281
j  javax.swing.text.PlainView.insertUpdate(Ljavax/swing/event/DocumentEvent;Ljava/awt/Shape;Ljavax/swing/text/ViewFactory;)V+4
j  javax.swing.text.FieldView.insertUpdate(Ljavax/swing/event/DocumentEvent;Ljava/awt/Shape;Ljavax/swing/text/ViewFactory;)V+8
j  javax.swing.plaf.basic.BasicTextUI$RootView.insertUpdate(Ljavax/swing/event/DocumentEvent;Ljava/awt/Shape;Ljavax/swing/text/ViewFactory;)V+14
j  javax.swing.plaf.basic.BasicTextUI$UpdateHandler.insertUpdate(Ljavax/swing/event/DocumentEvent;)V+101
j  javax.swing.text.AbstractDocument.fireInsertUpdate(Ljavax/swing/event/DocumentEvent;)V+40
j  javax.swing.text.AbstractDocument.handleInsertString(ILjava/lang/String;Ljavax/swing/text/AttributeSet;)V+150
j  javax.swing.text.AbstractDocument.insertString(ILjava/lang/String;Ljavax/swing/text/AttributeSet;)V+46
j  javax.swing.text.PlainDocument.insertString(ILjava/lang/String;Ljavax/swing/text/AttributeSet;)V+104
j  javax.swing.text.AbstractDocument.replace(IILjava/lang/String;Ljavax/swing/text/AttributeSet;)V+74
j  javax.swing.text.JTextComponent.replaceSelection(Ljava/lang/String;)V+89
j  javax.swing.text.DefaultEditorKit$DefaultKeyTypedAction.actionPerformed(Ljava/awt/event/ActionEvent;)V+86
j  javax.swing.SwingUtilities.notifyAction(Ljavax/swing/Action;Ljavax/swing/KeyStroke;Ljava/awt/event/KeyEvent;Ljava/lang/Object;I)Z+132
j  javax.swing.JComponent.processKeyBinding(Ljavax/swing/KeyStroke;Ljava/awt/event/KeyEvent;IZ)Z+72
j  javax.swing.JComponent.processKeyBindings(Ljava/awt/event/KeyEvent;Z)Z+56
j  javax.swing.JComponent.processKeyEvent(Ljava/awt/event/KeyEvent;)V+51
j  java.awt.Component.processEvent(Ljava/awt/AWTEvent;)V+121
j  java.awt.Container.processEvent(Ljava/awt/AWTEvent;)V+18
j  java.awt.Component.dispatchEventImpl(Ljava/awt/AWTEvent;)V+562
j  java.awt.Container.dispatchEventImpl(Ljava/awt/AWTEvent;)V+42
j  java.awt.Component.dispatchEvent(Ljava/awt/AWTEvent;)V+2
j  java.awt.KeyboardFocusManager.redispatchEvent(Ljava/awt/Component;Ljava/awt/AWTEvent;)V+7
j  java.awt.DefaultKeyboardFocusManager.dispatchKeyEvent(Ljava/awt/event/KeyEvent;)Z+70
j  java.awt.DefaultKeyboardFocusManager.preDispatchKeyEvent(Ljava/awt/event/KeyEvent;)Z+140
j  java.awt.DefaultKeyboardFocusManager.typeAheadAssertions(Ljava/awt/Component;Ljava/awt/AWTEvent;)Z+157
j  java.awt.DefaultKeyboardFocusManager.dispatchEvent(Ljava/awt/AWTEvent;)Z+1455
j  java.awt.Component.dispatchEventImpl(Ljava/awt/AWTEvent;)V+128
j  java.awt.Container.dispatchEventImpl(Ljava/awt/AWTEvent;)V+42
j  java.awt.Window.dispatchEventImpl(Ljava/awt/AWTEvent;)V+19
j  java.awt.Component.dispatchEvent(Ljava/awt/AWTEvent;)V+2
j  java.awt.EventQueue.dispatchEvent(Ljava/awt/AWTEvent;)V+46
j  java.awt.EventDispatchThread.pumpOneEventForFilters(I)Z+156
j  java.awt.EventDispatchThread.pumpEventsForFilter(ILjava/awt/Conditional;Ljava/awt/EventFilter;)V+30
j  java.awt.EventDispatchThread.pumpEventsForHierarchy(ILjava/awt/Conditional;Ljava/awt/Component;)V+11
j  java.awt.EventDispatchThread.pumpEvents(ILjava/awt/Conditional;)V+4
j  java.awt.EventDispatchThread.pumpEvents(Ljava/awt/Conditional;)V+3
j  java.awt.EventDispatchThread.run()V+9
v  ~StubRoutines::call_stub

---------------  P R O C E S S  ---------------

Java Threads: ( => current thread )
  0x0c95a400 JavaThread "MySQL Statement Cancellation Timer" daemon [_thread_blocked, id=10824]
  0x0c95d800 JavaThread "TimerQueue" daemon [_thread_blocked, id=4504]
  0x0c95c000 JavaThread "DestroyJavaVM" [_thread_blocked, id=3020]
=>0x0c95cc00 JavaThread "AWT-EventQueue-0" [_thread_in_vm, id=8232]
  0x0c959c00 JavaThread "AWT-Windows" daemon [_thread_in_native, id=7812]
  0x0c95a800 JavaThread "AWT-Shutdown" [_thread_blocked, id=2528]
  0x0c95c800 JavaThread "Java2D Disposer" daemon [_thread_blocked, id=8040]
  0x0c443c00 JavaThread "Low Memory Detector" daemon [_thread_blocked, id=7044]
  0x0c43f800 JavaThread "CompilerThread0" daemon [_thread_blocked, id=5176]
  0x0c43f000 JavaThread "Attach Listener" daemon [_thread_blocked, id=4808]
  0x0c43e800 JavaThread "Signal Dispatcher" daemon [_thread_blocked, id=11176]
  0x0c42bc00 JavaThread "Finalizer" daemon [_thread_blocked, id=6860]
  0x0c427000 JavaThread "Reference Handler" daemon [_thread_blocked, id=224]

Other Threads:
  0x0c423c00 VMThread [id=9468]
  0x0c446400 WatcherThread [id=5220]

VM state:not at safepoint (normal execution)

VM Mutex/Monitor currently owned by a thread: None

Heap
 def new generation   total 960K, used 912K [0x04360000, 0x04460000, 0x04840000)
  eden space 896K,  94% used [0x04360000, 0x04434058, 0x04440000)
  from space 64K, 100% used [0x04440000, 0x04450000, 0x04450000)
  to   space 64K,   0% used [0x04450000, 0x04450000, 0x04460000)
 tenured generation   total 4096K, used 1458K [0x04840000, 0x04c40000, 0x08360000)
   the space 4096K,  35% used [0x04840000, 0x049acb78, 0x049acc00, 0x04c40000)
 compacting perm gen  total 12288K, used 9335K [0x08360000, 0x08f60000, 0x0c360000)
   the space 12288K,  75% used [0x08360000, 0x08c7dcc8, 0x08c7de00, 0x08f60000)
No shared spaces configured.

Dynamic libraries:
0x00400000 - 0x00423000 	C:\Program Files (x86)\Java\jdk1.6.0\jre\bin\java.exe
0x770f0000 - 0x77273000 	C:\WINDOWS\SYSTEM32\ntdll.dll
0x74920000 - 0x74a00000 	C:\WINDOWS\System32\KERNEL32.DLL
0x73ed0000 - 0x74071000 	C:\WINDOWS\System32\KERNELBASE.dll
0x710b0000 - 0x71142000 	C:\WINDOWS\system32\apphelp.dll
0x74080000 - 0x740f7000 	C:\WINDOWS\System32\ADVAPI32.dll
0x74f40000 - 0x74ffe000 	C:\WINDOWS\System32\msvcrt.dll
0x74a50000 - 0x74a91000 	C:\WINDOWS\System32\sechost.dll
0x73bd0000 - 0x73c91000 	C:\WINDOWS\System32\RPCRT4.dll
0x73bb0000 - 0x73bce000 	C:\WINDOWS\System32\SspiCli.dll
0x73ba0000 - 0x73baa000 	C:\WINDOWS\System32\CRYPTBASE.dll
0x74e30000 - 0x74e8a000 	C:\WINDOWS\System32\bcryptPrimitives.dll
0x7c340000 - 0x7c396000 	C:\Program Files (x86)\Java\jdk1.6.0\jre\bin\msvcr71.dll
0x6d7c0000 - 0x6da07000 	C:\Program Files (x86)\Java\jdk1.6.0\jre\bin\client\jvm.dll
0x74170000 - 0x742cf000 	C:\WINDOWS\System32\USER32.dll
0x75150000 - 0x75165000 	C:\WINDOWS\System32\win32u.dll
0x748f0000 - 0x7491b000 	C:\WINDOWS\System32\GDI32.dll
0x74aa0000 - 0x74bfb000 	C:\WINDOWS\System32\gdi32full.dll
0x73720000 - 0x73744000 	C:\WINDOWS\SYSTEM32\WINMM.dll
0x00720000 - 0x00743000 	C:\WINDOWS\SYSTEM32\WINMMBASE.dll
0x73dd0000 - 0x73e06000 	C:\WINDOWS\System32\cfgmgr32.dll
0x74870000 - 0x74895000 	C:\WINDOWS\System32\IMM32.DLL
0x6d310000 - 0x6d318000 	C:\Program Files (x86)\Java\jdk1.6.0\jre\bin\hpi.dll
0x73dc0000 - 0x73dc6000 	C:\WINDOWS\System32\PSAPI.DLL
0x6d770000 - 0x6d77c000 	C:\Program Files (x86)\Java\jdk1.6.0\jre\bin\verify.dll
0x6d3b0000 - 0x6d3cf000 	C:\Program Files (x86)\Java\jdk1.6.0\jre\bin\java.dll
0x6d7b0000 - 0x6d7bf000 	C:\Program Files (x86)\Java\jdk1.6.0\jre\bin\zip.dll
0x6d000000 - 0x6d1c3000 	C:\Program Files (x86)\Java\jdk1.6.0\jre\bin\awt.dll
0x75000000 - 0x750ea000 	C:\WINDOWS\System32\ole32.dll
0x745f0000 - 0x74801000 	C:\WINDOWS\System32\combase.dll
0x73670000 - 0x736da000 	C:\WINDOWS\SYSTEM32\WINSPOOL.DRV
0x74c00000 - 0x74ce0000 	C:\WINDOWS\System32\ucrtbase.dll
0x73580000 - 0x7359b000 	C:\WINDOWS\SYSTEM32\bcrypt.dll
0x60fb0000 - 0x61214000 	C:\WINDOWS\AppPatch\AcGenral.DLL
0x74820000 - 0x74866000 	C:\WINDOWS\System32\SHLWAPI.dll
0x73d20000 - 0x73db4000 	C:\WINDOWS\System32\OLEAUT32.dll
0x73ca0000 - 0x73d1b000 	C:\WINDOWS\System32\msvcp_win.dll
0x71b60000 - 0x71bd5000 	C:\WINDOWS\SYSTEM32\UxTheme.dll
0x6d430000 - 0x6d445000 	C:\WINDOWS\SYSTEM32\samcli.dll
0x75170000 - 0x76549000 	C:\WINDOWS\System32\SHELL32.dll
0x72a80000 - 0x72a98000 	C:\WINDOWS\SYSTEM32\MSACM32.dll
0x736e0000 - 0x736e8000 	C:\WINDOWS\SYSTEM32\VERSION.dll
0x76960000 - 0x76ece000 	C:\WINDOWS\System32\windows.storage.dll
0x74a00000 - 0x74a45000 	C:\WINDOWS\System32\powrprof.dll
0x74160000 - 0x7416d000 	C:\WINDOWS\System32\kernel.appcore.dll
0x74e90000 - 0x74f18000 	C:\WINDOWS\System32\shcore.dll
0x74f30000 - 0x74f3f000 	C:\WINDOWS\System32\profapi.dll
0x73700000 - 0x7371a000 	C:\WINDOWS\SYSTEM32\USERENV.dll
0x730d0000 - 0x730ef000 	C:\WINDOWS\SYSTEM32\dwmapi.dll
0x72ce0000 - 0x72e74000 	C:\WINDOWS\SYSTEM32\urlmon.dll
0x6f650000 - 0x6f666000 	C:\WINDOWS\SYSTEM32\MPR.dll
0x72ab0000 - 0x72cd9000 	C:\WINDOWS\SYSTEM32\iertutil.dll
0x74340000 - 0x74475000 	C:\WINDOWS\System32\MSCTF.dll
0x6d2b0000 - 0x6d303000 	C:\Program Files (x86)\Java\jdk1.6.0\jre\bin\fontmanager.dll
0x6d570000 - 0x6d583000 	C:\Program Files (x86)\Java\jdk1.6.0\jre\bin\net.dll
0x742d0000 - 0x74333000 	C:\WINDOWS\System32\WS2_32.dll
0x73450000 - 0x7349e000 	C:\WINDOWS\system32\mswsock.dll
0x6d590000 - 0x6d599000 	C:\Program Files (x86)\Java\jdk1.6.0\jre\bin\nio.dll
0x71ef0000 - 0x71f6c000 	C:\WINDOWS\SYSTEM32\DNSAPI.dll
0x74810000 - 0x74817000 	C:\WINDOWS\System32\NSI.dll
0x72340000 - 0x7236f000 	C:\WINDOWS\SYSTEM32\IPHLPAPI.DLL
0x71eb0000 - 0x71eb8000 	C:\Windows\System32\rasadhlp.dll
0x734a0000 - 0x734e9000 	C:\WINDOWS\System32\fwpuclnt.dll
0x73e20000 - 0x73ea4000 	C:\WINDOWS\System32\clbcatq.dll
0x6cae0000 - 0x6cb24000 	C:\WINDOWS\system32\dataexchange.dll
0x68290000 - 0x684bf000 	C:\WINDOWS\system32\d3d11.dll
0x6c9c0000 - 0x6cad3000 	C:\WINDOWS\system32\dcomp.dll
0x68200000 - 0x68284000 	C:\WINDOWS\system32\dxgi.dll
0x67fe0000 - 0x680d1000 	C:\WINDOWS\system32\twinapi.appcore.dll

VM Arguments:
java_command: System.login
Launcher Type: SUN_STANDARD

Environment Variables:
CLASSPATH=C:\Program Files (x86)\Java\jdk1.6.0\bin;.
PATH=C:\ProgramData\Oracle\Java\javapath;C:\Program Files (x86)\Intel\iCLS Client\;C:\Program Files\Intel\iCLS Client\;C:\WINDOWS\system32;C:\WINDOWS;C:\WINDOWS\System32\Wbem;C:\WINDOWS\System32\WindowsPowerShell\v1.0\;C:\Program Files (x86)\AMD\ATI.ACE\Core-Static;C:\Program Files (x86)\Intel\Intel(R) Management Engine Components\DAL;C:\Program Files\Intel\Intel(R) Management Engine Components\DAL;C:\Program Files (x86)\Intel\Intel(R) Management Engine Components\IPT;C:\Program Files\Intel\Intel(R) Management Engine Components\IPT;C:\Program Files\Intel\WiFi\bin\;C:\Program Files\Common Files\Intel\WirelessCommon\;C:\Program Files\nodejs\;C:\Program Files (x86)\Microsoft SQL Server\100\Tools\Binn\;C:\Program Files\Microsoft SQL Server\100\Tools\Binn\;C:\Program Files\Microsoft SQL Server\100\DTS\Binn\;C:\Program Files (x86)\Common Files\Ulead Systems\MPEG;C:\Program Files\Intel\WiFi\bin\;C:\Program Files\Common Files\Intel\WirelessCommon\;C:\Users\DELL\AppData\Roaming\npm;C:\Users\DELL\AppData\Local\Microsoft\WindowsApps;C:\Program Files (x86)\Java\jdk1.6.0\bin;
USERNAME=DELL
OS=Windows_NT
PROCESSOR_IDENTIFIER=Intel64 Family 6 Model 78 Stepping 3, GenuineIntel



---------------  S Y S T E M  ---------------

OS: Windows NT 6.2 Build 9200 

CPU:total 4 family 6, cmov, cx8, fxsr, mmx, sse, sse2

Memory: 4k page, physical 2097151k(2097151k free), swap 4194303k(4194303k free)

vm_info: Java HotSpot(TM) Client VM (1.6.0-b105) for windows-x86, built on Nov 29 2006 00:48:48 by "java_re" with unknown MS VC++:1310

